CreateDirectory: "C:\Python27\Lib\site-packages\PIL" created
File: overwriteflag=0, allowskipfilesflag=2, name="python.ico"
File: wrote 15086 to "C:\Python27\Lib\site-packages\PIL\python.ico"
File: overwriteflag=0, allowskipfilesflag=2, name="license.txt"
File: wrote 1293 to "C:\Python27\Lib\site-packages\PIL\license.txt"
CreateDirectory: "C:\Python27\Lib\site-packages" (1)
CreateDirectory: "C:\Python27\Lib\site-packages" (1)
File: overwriteflag=0, allowskipfilesflag=2, name="PIL.pth"
File: wrote 5 to "C:\Python27\Lib\site-packages\PIL.pth"
CreateDirectory: "C:\Python27\Lib\site-packages\PIL" (1)
File: overwriteflag=0, allowskipfilesflag=2, name="ArgImagePlugin.py"
File: wrote 12399 to "C:\Python27\Lib\site-packages\PIL\ArgImagePlugin.py"
File: overwriteflag=0, allowskipfilesflag=2, name="BdfFontFile.py"
File: wrote 3286 to "C:\Python27\Lib\site-packages\PIL\BdfFontFile.py"
File: overwriteflag=0, allowskipfilesflag=2, name="BmpImagePlugin.py"
File: wrote 6839 to "C:\Python27\Lib\site-packages\PIL\BmpImagePlugin.py"
File: overwriteflag=0, allowskipfilesflag=2, name="BufrStubImagePlugin.py"
File: wrote 1489 to "C:\Python27\Lib\site-packages\PIL\BufrStubImagePlugin.py"
File: overwriteflag=0, allowskipfilesflag=2, name="ContainerIO.py"
File: wrote 2593 to "C:\Python27\Lib\site-packages\PIL\ContainerIO.py"
File: overwriteflag=0, allowskipfilesflag=2, name="CurImagePlugin.py"
File: wrote 2002 to "C:\Python27\Lib\site-packages\PIL\CurImagePlugin.py"
File: overwriteflag=0, allowskipfilesflag=2, name="DcxImagePlugin.py"
File: wrote 1844 to "C:\Python27\Lib\site-packages\PIL\DcxImagePlugin.py"
File: overwriteflag=0, allowskipfilesflag=2, name="EpsImagePlugin.py"
File: wrote 9745 to "C:\Python27\Lib\site-packages\PIL\EpsImagePlugin.py"
File: overwriteflag=0, allowskipfilesflag=2, name="ExifTags.py"
File: wrote 4063 to "C:\Python27\Lib\site-packages\PIL\ExifTags.py"
File: overwriteflag=0, allowskipfilesflag=2, name="FitsStubImagePlugin.py"
File: wrote 1643 to "C:\Python27\Lib\site-packages\PIL\FitsStubImagePlugin.py"
File: overwriteflag=0, allowskipfilesflag=2, name="FliImagePlugin.py"
File: wrote 3432 to "C:\Python27\Lib\site-packages\PIL\FliImagePlugin.py"
File: overwriteflag=0, allowskipfilesflag=2, name="FontFile.py"
File: wrote 3364 to "C:\Python27\Lib\site-packages\PIL\FontFile.py"
File: overwriteflag=0, allowskipfilesflag=2, name="FpxImagePlugin.py"
File: wrote 6181 to "C:\Python27\Lib\site-packages\PIL\FpxImagePlugin.py"
File: overwriteflag=0, allowskipfilesflag=2, name="GbrImagePlugin.py"
File: wrote 1628 to "C:\Python27\Lib\site-packages\PIL\GbrImagePlugin.py"
File: overwriteflag=0, allowskipfilesflag=2, name="GdImageFile.py"
File: wrote 2107 to "C:\Python27\Lib\site-packages\PIL\GdImageFile.py"
File: overwriteflag=0, allowskipfilesflag=2, name="GifImagePlugin.py"
File: wrote 11063 to "C:\Python27\Lib\site-packages\PIL\GifImagePlugin.py"
File: overwriteflag=0, allowskipfilesflag=2, name="GimpGradientFile.py"
File: wrote 3168 to "C:\Python27\Lib\site-packages\PIL\GimpGradientFile.py"
File: overwriteflag=0, allowskipfilesflag=2, name="GimpPaletteFile.py"
File: wrote 1337 to "C:\Python27\Lib\site-packages\PIL\GimpPaletteFile.py"
File: overwriteflag=0, allowskipfilesflag=2, name="GribStubImagePlugin.py"
File: wrote 1490 to "C:\Python27\Lib\site-packages\PIL\GribStubImagePlugin.py"
File: overwriteflag=0, allowskipfilesflag=2, name="Hdf5StubImagePlugin.py"
File: wrote 1536 to "C:\Python27\Lib\site-packages\PIL\Hdf5StubImagePlugin.py"
File: overwriteflag=0, allowskipfilesflag=2, name="IcnsImagePlugin.py"
File: wrote 6137 to "C:\Python27\Lib\site-packages\PIL\IcnsImagePlugin.py"
File: overwriteflag=0, allowskipfilesflag=2, name="IcoImagePlugin.py"
File: wrote 1948 to "C:\Python27\Lib\site-packages\PIL\IcoImagePlugin.py"
File: overwriteflag=0, allowskipfilesflag=2, name="ImImagePlugin.py"
File: wrote 9706 to "C:\Python27\Lib\site-packages\PIL\ImImagePlugin.py"
File: overwriteflag=0, allowskipfilesflag=2, name="Image.py"
File: wrote 67284 to "C:\Python27\Lib\site-packages\PIL\Image.py"
File: overwriteflag=0, allowskipfilesflag=2, name="ImageChops.py"
File: wrote 7411 to "C:\Python27\Lib\site-packages\PIL\ImageChops.py"
File: overwriteflag=0, allowskipfilesflag=2, name="ImageCms.py"
File: wrote 31153 to "C:\Python27\Lib\site-packages\PIL\ImageCms.py"
File: overwriteflag=0, allowskipfilesflag=2, name="ImageColor.py"
File: wrote 7402 to "C:\Python27\Lib\site-packages\PIL\ImageColor.py"
File: overwriteflag=0, allowskipfilesflag=2, name="ImageDraw.py"
File: wrote 11606 to "C:\Python27\Lib\site-packages\PIL\ImageDraw.py"
File: overwriteflag=0, allowskipfilesflag=2, name="ImageDraw2.py"
File: wrote 3155 to "C:\Python27\Lib\site-packages\PIL\ImageDraw2.py"
File: overwriteflag=0, allowskipfilesflag=2, name="ImageEnhance.py"
File: wrote 2771 to "C:\Python27\Lib\site-packages\PIL\ImageEnhance.py"
File: overwriteflag=0, allowskipfilesflag=2, name="ImageFile.py"
File: wrote 15286 to "C:\Python27\Lib\site-packages\PIL\ImageFile.py"
File: overwriteflag=0, allowskipfilesflag=2, name="ImageFileIO.py"
File: wrote 977 to "C:\Python27\Lib\site-packages\PIL\ImageFileIO.py"
File: overwriteflag=0, allowskipfilesflag=2, name="ImageFilter.py"
File: wrote 6628 to "C:\Python27\Lib\site-packages\PIL\ImageFilter.py"
File: overwriteflag=0, allowskipfilesflag=2, name="ImageFont.py"
File: wrote 17425 to "C:\Python27\Lib\site-packages\PIL\ImageFont.py"
File: overwriteflag=0, allowskipfilesflag=2, name="ImageGL.py"
File: wrote 483 to "C:\Python27\Lib\site-packages\PIL\ImageGL.py"
File: overwriteflag=0, allowskipfilesflag=2, name="ImageGrab.py"
File: wrote 1877 to "C:\Python27\Lib\site-packages\PIL\ImageGrab.py"
File: overwriteflag=0, allowskipfilesflag=2, name="ImageMath.py"
File: wrote 6854 to "C:\Python27\Lib\site-packages\PIL\ImageMath.py"
File: overwriteflag=0, allowskipfilesflag=2, name="ImageMode.py"
File: wrote 1287 to "C:\Python27\Lib\site-packages\PIL\ImageMode.py"
File: overwriteflag=0, allowskipfilesflag=2, name="ImageOps.py"
File: wrote 13230 to "C:\Python27\Lib\site-packages\PIL\ImageOps.py"
File: overwriteflag=0, allowskipfilesflag=2, name="ImagePalette.py"
File: wrote 5210 to "C:\Python27\Lib\site-packages\PIL\ImagePalette.py"
File: overwriteflag=0, allowskipfilesflag=2, name="ImagePath.py"
File: wrote 1342 to "C:\Python27\Lib\site-packages\PIL\ImagePath.py"
File: overwriteflag=0, allowskipfilesflag=2, name="ImageQt.py"
File: wrote 2522 to "C:\Python27\Lib\site-packages\PIL\ImageQt.py"
File: overwriteflag=0, allowskipfilesflag=2, name="ImageSequence.py"
File: wrote 792 to "C:\Python27\Lib\site-packages\PIL\ImageSequence.py"
File: overwriteflag=0, allowskipfilesflag=2, name="ImageShow.py"
File: wrote 4544 to "C:\Python27\Lib\site-packages\PIL\ImageShow.py"
File: overwriteflag=0, allowskipfilesflag=2, name="ImageStat.py"
File: wrote 4272 to "C:\Python27\Lib\site-packages\PIL\ImageStat.py"
File: overwriteflag=0, allowskipfilesflag=2, name="ImageTk.py"
File: wrote 9248 to "C:\Python27\Lib\site-packages\PIL\ImageTk.py"
File: overwriteflag=0, allowskipfilesflag=2, name="ImageTransform.py"
File: wrote 2859 to "C:\Python27\Lib\site-packages\PIL\ImageTransform.py"
File: overwriteflag=0, allowskipfilesflag=2, name="ImageWin.py"
File: wrote 6366 to "C:\Python27\Lib\site-packages\PIL\ImageWin.py"
File: overwriteflag=0, allowskipfilesflag=2, name="ImtImagePlugin.py"
File: wrote 2203 to "C:\Python27\Lib\site-packages\PIL\ImtImagePlugin.py"
File: overwriteflag=0, allowskipfilesflag=2, name="IptcImagePlugin.py"
File: wrote 7706 to "C:\Python27\Lib\site-packages\PIL\IptcImagePlugin.py"
File: overwriteflag=0, allowskipfilesflag=2, name="JpegImagePlugin.py"
File: wrote 16339 to "C:\Python27\Lib\site-packages\PIL\JpegImagePlugin.py"
File: overwriteflag=0, allowskipfilesflag=2, name="McIdasImagePlugin.py"
File: wrote 1721 to "C:\Python27\Lib\site-packages\PIL\McIdasImagePlugin.py"
File: overwriteflag=0, allowskipfilesflag=2, name="MicImagePlugin.py"
File: wrote 2160 to "C:\Python27\Lib\site-packages\PIL\MicImagePlugin.py"
File: overwriteflag=0, allowskipfilesflag=2, name="MpegImagePlugin.py"
File: wrote 1802 to "C:\Python27\Lib\site-packages\PIL\MpegImagePlugin.py"
File: overwriteflag=0, allowskipfilesflag=2, name="MspImagePlugin.py"
File: wrote 2208 to "C:\Python27\Lib\site-packages\PIL\MspImagePlugin.py"
File: overwriteflag=0, allowskipfilesflag=2, name="OleFileIO.py"
File: wrote 16252 to "C:\Python27\Lib\site-packages\PIL\OleFileIO.py"
File: overwriteflag=0, allowskipfilesflag=2, name="PIL-1.1.7-py2.7.egg-info"
File: wrote 798 to "C:\Python27\Lib\site-packages\PIL\PIL-1.1.7-py2.7.egg-info"
File: overwriteflag=0, allowskipfilesflag=2, name="PSDraw.py"
File: wrote 5731 to "C:\Python27\Lib\site-packages\PIL\PSDraw.py"
File: overwriteflag=0, allowskipfilesflag=2, name="PaletteFile.py"
File: wrote 1099 to "C:\Python27\Lib\site-packages\PIL\PaletteFile.py"
File: overwriteflag=0, allowskipfilesflag=2, name="PalmImagePlugin.py"
File: wrote 9578 to "C:\Python27\Lib\site-packages\PIL\PalmImagePlugin.py"
File: overwriteflag=0, allowskipfilesflag=2, name="PcdImagePlugin.py"
File: wrote 1773 to "C:\Python27\Lib\site-packages\PIL\PcdImagePlugin.py"
File: overwriteflag=0, allowskipfilesflag=2, name="PcfFontFile.py"
File: wrote 6335 to "C:\Python27\Lib\site-packages\PIL\PcfFontFile.py"
File: overwriteflag=0, allowskipfilesflag=2, name="PcxImagePlugin.py"
File: wrote 4667 to "C:\Python27\Lib\site-packages\PIL\PcxImagePlugin.py"
File: overwriteflag=0, allowskipfilesflag=2, name="PdfImagePlugin.py"
File: wrote 5558 to "C:\Python27\Lib\site-packages\PIL\PdfImagePlugin.py"
File: overwriteflag=0, allowskipfilesflag=2, name="PixarImagePlugin.py"
File: wrote 1690 to "C:\Python27\Lib\site-packages\PIL\PixarImagePlugin.py"
File: overwriteflag=0, allowskipfilesflag=2, name="PngImagePlugin.py"
File: wrote 17396 to "C:\Python27\Lib\site-packages\PIL\PngImagePlugin.py"
File: overwriteflag=0, allowskipfilesflag=2, name="PpmImagePlugin.py"
File: wrote 3222 to "C:\Python27\Lib\site-packages\PIL\PpmImagePlugin.py"
File: overwriteflag=0, allowskipfilesflag=2, name="PsdImagePlugin.py"
File: wrote 7245 to "C:\Python27\Lib\site-packages\PIL\PsdImagePlugin.py"
File: overwriteflag=0, allowskipfilesflag=2, name="SgiImagePlugin.py"
File: wrote 2168 to "C:\Python27\Lib\site-packages\PIL\SgiImagePlugin.py"
File: overwriteflag=0, allowskipfilesflag=2, name="SpiderImagePlugin.py"
File: wrote 9025 to "C:\Python27\Lib\site-packages\PIL\SpiderImagePlugin.py"
File: overwriteflag=0, allowskipfilesflag=2, name="SunImagePlugin.py"
File: wrote 2020 to "C:\Python27\Lib\site-packages\PIL\SunImagePlugin.py"
File: overwriteflag=0, allowskipfilesflag=2, name="TarIO.py"
File: wrote 1226 to "C:\Python27\Lib\site-packages\PIL\TarIO.py"
File: overwriteflag=0, allowskipfilesflag=2, name="TgaImagePlugin.py"
File: wrote 5088 to "C:\Python27\Lib\site-packages\PIL\TgaImagePlugin.py"
File: overwriteflag=0, allowskipfilesflag=2, name="TiffImagePlugin.py"
File: wrote 28175 to "C:\Python27\Lib\site-packages\PIL\TiffImagePlugin.py"
File: overwriteflag=0, allowskipfilesflag=2, name="TiffTags.py"
File: wrote 4641 to "C:\Python27\Lib\site-packages\PIL\TiffTags.py"
File: overwriteflag=0, allowskipfilesflag=2, name="WalImageFile.py"
File: wrote 5422 to "C:\Python27\Lib\site-packages\PIL\WalImageFile.py"
File: overwriteflag=0, allowskipfilesflag=2, name="WmfImagePlugin.py"
File: wrote 4199 to "C:\Python27\Lib\site-packages\PIL\WmfImagePlugin.py"
File: overwriteflag=0, allowskipfilesflag=2, name="XVThumbImagePlugin.py"
File: wrote 1819 to "C:\Python27\Lib\site-packages\PIL\XVThumbImagePlugin.py"
File: overwriteflag=0, allowskipfilesflag=2, name="XbmImagePlugin.py"
File: wrote 2375 to "C:\Python27\Lib\site-packages\PIL\XbmImagePlugin.py"
File: overwriteflag=0, allowskipfilesflag=2, name="XpmImagePlugin.py"
File: wrote 3081 to "C:\Python27\Lib\site-packages\PIL\XpmImagePlugin.py"
File: overwriteflag=0, allowskipfilesflag=2, name="__init__.py"
File: wrote 183 to "C:\Python27\Lib\site-packages\PIL\__init__.py"
File: overwriteflag=0, allowskipfilesflag=2, name="_imaging.pyd"
File: wrote 408064 to "C:\Python27\Lib\site-packages\PIL\_imaging.pyd"
File: overwriteflag=0, allowskipfilesflag=2, name="_imagingcms.pyd"
File: wrote 93696 to "C:\Python27\Lib\site-packages\PIL\_imagingcms.pyd"
File: overwriteflag=0, allowskipfilesflag=2, name="_imagingft.pyd"
File: wrote 360960 to "C:\Python27\Lib\site-packages\PIL\_imagingft.pyd"
File: overwriteflag=0, allowskipfilesflag=2, name="_imagingmath.pyd"
File: wrote 14848 to "C:\Python27\Lib\site-packages\PIL\_imagingmath.pyd"
File: overwriteflag=0, allowskipfilesflag=2, name="_imagingtk.pyd"
File: wrote 7680 to "C:\Python27\Lib\site-packages\PIL\_imagingtk.pyd"
CreateDirectory: "C:\Python27\Lib\site-packages" (1)
CreateDirectory: "C:\Python27\Scripts" (1)
File: overwriteflag=0, allowskipfilesflag=2, name="pilconvert.py"
File: wrote 2354 to "C:\Python27\Scripts\pilconvert.py"
File: overwriteflag=0, allowskipfilesflag=2, name="pildriver.py"
File: wrote 15834 to "C:\Python27\Scripts\pildriver.py"
File: overwriteflag=0, allowskipfilesflag=2, name="pilfile.py"
File: wrote 2587 to "C:\Python27\Scripts\pilfile.py"
File: overwriteflag=0, allowskipfilesflag=2, name="pilfont.py"
File: wrote 960 to "C:\Python27\Scripts\pilfont.py"
File: overwriteflag=0, allowskipfilesflag=2, name="pilprint.py"
File: wrote 2395 to "C:\Python27\Scripts\pilprint.py"
CreateDirectory: "C:\Python27\Scripts" (1)
CreateDirectory: "C:\Python27\DLLs" (1)
CreateDirectory: "C:\Python27\DLLs" (1)
CreateDirectory: "C:\Python27" (1)
CreateDirectory: "C:\Python27" (1)
CreateDirectory: "C:\Program Files (x86)\pythonxy\doc\Libraries\PIL" (1)
CreateDirectory: "C:\Program Files (x86)\pythonxy\doc\Libraries\PIL" created
File: overwriteflag=0, allowskipfilesflag=2, name="Python Imaging Library (PIL).url"
File: wrote 128 to "C:\Program Files (x86)\pythonxy\doc\Libraries\PIL\Python Imaging Library (PIL).url"
File: overwriteflag=0, allowskipfilesflag=2, name="Python Imaging Library Handbook.html"
File: wrote 5255 to "C:\Program Files (x86)\pythonxy\doc\Libraries\PIL\Python Imaging Library Handbook.html"
File: overwriteflag=0, allowskipfilesflag=2, name="Python Imaging Library Overview.pdf"
File: wrote 498075 to "C:\Program Files (x86)\pythonxy\doc\Libraries\PIL\Python Imaging Library Overview.pdf"
CreateDirectory: "C:\Program Files (x86)\pythonxy\doc\Libraries\PIL\handbook" (1)
CreateDirectory: "C:\Program Files (x86)\pythonxy\doc\Libraries\PIL\handbook" created
File: overwriteflag=0, allowskipfilesflag=2, name="concepts.htm"
File: wrote 6938 to "C:\Program Files (x86)\pythonxy\doc\Libraries\PIL\handbook\concepts.htm"
File: overwriteflag=0, allowskipfilesflag=2, name="decoder.htm"
File: wrote 13315 to "C:\Program Files (x86)\pythonxy\doc\Libraries\PIL\handbook\decoder.htm"
File: overwriteflag=0, allowskipfilesflag=2, name="format-bmp.htm"
File: wrote 2900 to "C:\Program Files (x86)\pythonxy\doc\Libraries\PIL\handbook\format-bmp.htm"
File: overwriteflag=0, allowskipfilesflag=2, name="format-bufr.htm"
File: wrote 2766 to "C:\Program Files (x86)\pythonxy\doc\Libraries\PIL\handbook\format-bufr.htm"
File: overwriteflag=0, allowskipfilesflag=2, name="format-cur.htm"
File: wrote 2681 to "C:\Program Files (x86)\pythonxy\doc\Libraries\PIL\handbook\format-cur.htm"
File: overwriteflag=0, allowskipfilesflag=2, name="format-dcx.htm"
File: wrote 2904 to "C:\Program Files (x86)\pythonxy\doc\Libraries\PIL\handbook\format-dcx.htm"
File: overwriteflag=0, allowskipfilesflag=2, name="format-eps.htm"
File: wrote 2754 to "C:\Program Files (x86)\pythonxy\doc\Libraries\PIL\handbook\format-eps.htm"
File: overwriteflag=0, allowskipfilesflag=2, name="format-fits.htm"
File: wrote 2766 to "C:\Program Files (x86)\pythonxy\doc\Libraries\PIL\handbook\format-fits.htm"
File: overwriteflag=0, allowskipfilesflag=2, name="format-fli.htm"
File: wrote 2798 to "C:\Program Files (x86)\pythonxy\doc\Libraries\PIL\handbook\format-fli.htm"
File: overwriteflag=0, allowskipfilesflag=2, name="format-fpx.htm"
File: wrote 2927 to "C:\Program Files (x86)\pythonxy\doc\Libraries\PIL\handbook\format-fpx.htm"
File: overwriteflag=0, allowskipfilesflag=2, name="format-gbr.htm"
File: wrote 2747 to "C:\Program Files (x86)\pythonxy\doc\Libraries\PIL\handbook\format-gbr.htm"
File: overwriteflag=0, allowskipfilesflag=2, name="format-gd.htm"
File: wrote 2960 to "C:\Program Files (x86)\pythonxy\doc\Libraries\PIL\handbook\format-gd.htm"
File: overwriteflag=0, allowskipfilesflag=2, name="format-gif.htm"
File: wrote 4065 to "C:\Program Files (x86)\pythonxy\doc\Libraries\PIL\handbook\format-gif.htm"
File: overwriteflag=0, allowskipfilesflag=2, name="format-grib.htm"
File: wrote 2995 to "C:\Program Files (x86)\pythonxy\doc\Libraries\PIL\handbook\format-grib.htm"
File: overwriteflag=0, allowskipfilesflag=2, name="format-hdf5.htm"
File: wrote 2768 to "C:\Program Files (x86)\pythonxy\doc\Libraries\PIL\handbook\format-hdf5.htm"
File: overwriteflag=0, allowskipfilesflag=2, name="format-ico.htm"
File: wrote 2625 to "C:\Program Files (x86)\pythonxy\doc\Libraries\PIL\handbook\format-ico.htm"
File: overwriteflag=0, allowskipfilesflag=2, name="format-im.htm"
File: wrote 2768 to "C:\Program Files (x86)\pythonxy\doc\Libraries\PIL\handbook\format-im.htm"
File: overwriteflag=0, allowskipfilesflag=2, name="format-imt.htm"
File: wrote 2600 to "C:\Program Files (x86)\pythonxy\doc\Libraries\PIL\handbook\format-imt.htm"
File: overwriteflag=0, allowskipfilesflag=2, name="format-iptc.htm"
File: wrote 2633 to "C:\Program Files (x86)\pythonxy\doc\Libraries\PIL\handbook\format-iptc.htm"
File: overwriteflag=0, allowskipfilesflag=2, name="format-jpeg.htm"
File: wrote 4150 to "C:\Program Files (x86)\pythonxy\doc\Libraries\PIL\handbook\format-jpeg.htm"
File: overwriteflag=0, allowskipfilesflag=2, name="format-mcidas.htm"
File: wrote 2617 to "C:\Program Files (x86)\pythonxy\doc\Libraries\PIL\handbook\format-mcidas.htm"
File: overwriteflag=0, allowskipfilesflag=2, name="format-mic.htm"
File: wrote 2751 to "C:\Program Files (x86)\pythonxy\doc\Libraries\PIL\handbook\format-mic.htm"
File: overwriteflag=0, allowskipfilesflag=2, name="format-mpeg.htm"
File: wrote 2594 to "C:\Program Files (x86)\pythonxy\doc\Libraries\PIL\handbook\format-mpeg.htm"
File: overwriteflag=0, allowskipfilesflag=2, name="format-msp.htm"
File: wrote 2645 to "C:\Program Files (x86)\pythonxy\doc\Libraries\PIL\handbook\format-msp.htm"
File: overwriteflag=0, allowskipfilesflag=2, name="format-palm.htm"
File: wrote 2673 to "C:\Program Files (x86)\pythonxy\doc\Libraries\PIL\handbook\format-palm.htm"
File: overwriteflag=0, allowskipfilesflag=2, name="format-pcd.htm"
File: wrote 2850 to "C:\Program Files (x86)\pythonxy\doc\Libraries\PIL\handbook\format-pcd.htm"
File: overwriteflag=0, allowskipfilesflag=2, name="format-pcx.htm"
File: wrote 2586 to "C:\Program Files (x86)\pythonxy\doc\Libraries\PIL\handbook\format-pcx.htm"
File: overwriteflag=0, allowskipfilesflag=2, name="format-pdf.htm"
File: wrote 2752 to "C:\Program Files (x86)\pythonxy\doc\Libraries\PIL\handbook\format-pdf.htm"
File: overwriteflag=0, allowskipfilesflag=2, name="format-pixar.htm"
File: wrote 2703 to "C:\Program Files (x86)\pythonxy\doc\Libraries\PIL\handbook\format-pixar.htm"
File: overwriteflag=0, allowskipfilesflag=2, name="format-png.htm"
File: wrote 3865 to "C:\Program Files (x86)\pythonxy\doc\Libraries\PIL\handbook\format-png.htm"
File: overwriteflag=0, allowskipfilesflag=2, name="format-ppm.htm"
File: wrote 2593 to "C:\Program Files (x86)\pythonxy\doc\Libraries\PIL\handbook\format-ppm.htm"
File: overwriteflag=0, allowskipfilesflag=2, name="format-psd.htm"
File: wrote 2625 to "C:\Program Files (x86)\pythonxy\doc\Libraries\PIL\handbook\format-psd.htm"
File: overwriteflag=0, allowskipfilesflag=2, name="format-sgi.htm"
File: wrote 2594 to "C:\Program Files (x86)\pythonxy\doc\Libraries\PIL\handbook\format-sgi.htm"
File: overwriteflag=0, allowskipfilesflag=2, name="format-tga.htm"
File: wrote 2624 to "C:\Program Files (x86)\pythonxy\doc\Libraries\PIL\handbook\format-tga.htm"
File: overwriteflag=0, allowskipfilesflag=2, name="format-tiff.htm"
File: wrote 3365 to "C:\Program Files (x86)\pythonxy\doc\Libraries\PIL\handbook\format-tiff.htm"
File: overwriteflag=0, allowskipfilesflag=2, name="format-wal.htm"
File: wrote 2911 to "C:\Program Files (x86)\pythonxy\doc\Libraries\PIL\handbook\format-wal.htm"
File: overwriteflag=0, allowskipfilesflag=2, name="format-wmf.htm"
File: wrote 3295 to "C:\Program Files (x86)\pythonxy\doc\Libraries\PIL\handbook\format-wmf.htm"
File: overwriteflag=0, allowskipfilesflag=2, name="format-xbm.htm"
File: wrote 2562 to "C:\Program Files (x86)\pythonxy\doc\Libraries\PIL\handbook\format-xbm.htm"
File: overwriteflag=0, allowskipfilesflag=2, name="format-xpm.htm"
File: wrote 2844 to "C:\Program Files (x86)\pythonxy\doc\Libraries\PIL\handbook\format-xpm.htm"
File: overwriteflag=0, allowskipfilesflag=2, name="format-xvthumb.htm"
File: wrote 2579 to "C:\Program Files (x86)\pythonxy\doc\Libraries\PIL\handbook\format-xvthumb.htm"
File: overwriteflag=0, allowskipfilesflag=2, name="formats.htm"
File: wrote 3046 to "C:\Program Files (x86)\pythonxy\doc\Libraries\PIL\handbook\formats.htm"
File: overwriteflag=0, allowskipfilesflag=2, name="image.htm"
File: wrote 33164 to "C:\Program Files (x86)\pythonxy\doc\Libraries\PIL\handbook\image.htm"
File: overwriteflag=0, allowskipfilesflag=2, name="imagechops.htm"
File: wrote 6746 to "C:\Program Files (x86)\pythonxy\doc\Libraries\PIL\handbook\imagechops.htm"
File: overwriteflag=0, allowskipfilesflag=2, name="imagecolor.htm"
File: wrote 4713 to "C:\Program Files (x86)\pythonxy\doc\Libraries\PIL\handbook\imagecolor.htm"
File: overwriteflag=0, allowskipfilesflag=2, name="imagecrackcode.htm"
File: wrote 5019 to "C:\Program Files (x86)\pythonxy\doc\Libraries\PIL\handbook\imagecrackcode.htm"
File: overwriteflag=0, allowskipfilesflag=2, name="imagedraw.htm"
File: wrote 13685 to "C:\Program Files (x86)\pythonxy\doc\Libraries\PIL\handbook\imagedraw.htm"
File: overwriteflag=0, allowskipfilesflag=2, name="imageenhance.htm"
File: wrote 5552 to "C:\Program Files (x86)\pythonxy\doc\Libraries\PIL\handbook\imageenhance.htm"
File: overwriteflag=0, allowskipfilesflag=2, name="imagefile.htm"
File: wrote 4342 to "C:\Program Files (x86)\pythonxy\doc\Libraries\PIL\handbook\imagefile.htm"
File: overwriteflag=0, allowskipfilesflag=2, name="imagefileio.htm"
File: wrote 3150 to "C:\Program Files (x86)\pythonxy\doc\Libraries\PIL\handbook\imagefileio.htm"
File: overwriteflag=0, allowskipfilesflag=2, name="imagefilter.htm"
File: wrote 5407 to "C:\Program Files (x86)\pythonxy\doc\Libraries\PIL\handbook\imagefilter.htm"
File: overwriteflag=0, allowskipfilesflag=2, name="imagefont.htm"
File: wrote 6543 to "C:\Program Files (x86)\pythonxy\doc\Libraries\PIL\handbook\imagefont.htm"
File: overwriteflag=0, allowskipfilesflag=2, name="imagegl.htm"
File: wrote 3213 to "C:\Program Files (x86)\pythonxy\doc\Libraries\PIL\handbook\imagegl.htm"
File: overwriteflag=0, allowskipfilesflag=2, name="imagegrab.htm"
File: wrote 3918 to "C:\Program Files (x86)\pythonxy\doc\Libraries\PIL\handbook\imagegrab.htm"
File: overwriteflag=0, allowskipfilesflag=2, name="imagemath.htm"
File: wrote 6616 to "C:\Program Files (x86)\pythonxy\doc\Libraries\PIL\handbook\imagemath.htm"
File: overwriteflag=0, allowskipfilesflag=2, name="imageops.htm"
File: wrote 7222 to "C:\Program Files (x86)\pythonxy\doc\Libraries\PIL\handbook\imageops.htm"
File: overwriteflag=0, allowskipfilesflag=2, name="imagepalette.htm"
File: wrote 3822 to "C:\Program Files (x86)\pythonxy\doc\Libraries\PIL\handbook\imagepalette.htm"
File: overwriteflag=0, allowskipfilesflag=2, name="imagepath.htm"
File: wrote 4967 to "C:\Program Files (x86)\pythonxy\doc\Libraries\PIL\handbook\imagepath.htm"
File: overwriteflag=0, allowskipfilesflag=2, name="imageqt.htm"
File: wrote 3171 to "C:\Program Files (x86)\pythonxy\doc\Libraries\PIL\handbook\imageqt.htm"
File: overwriteflag=0, allowskipfilesflag=2, name="imagesequence.htm"
File: wrote 3542 to "C:\Program Files (x86)\pythonxy\doc\Libraries\PIL\handbook\imagesequence.htm"
File: overwriteflag=0, allowskipfilesflag=2, name="imagestat.htm"
File: wrote 4597 to "C:\Program Files (x86)\pythonxy\doc\Libraries\PIL\handbook\imagestat.htm"
File: overwriteflag=0, allowskipfilesflag=2, name="imagetk.htm"
File: wrote 4602 to "C:\Program Files (x86)\pythonxy\doc\Libraries\PIL\handbook\imagetk.htm"
File: overwriteflag=0, allowskipfilesflag=2, name="imagewin.htm"
File: wrote 6030 to "C:\Program Files (x86)\pythonxy\doc\Libraries\PIL\handbook\imagewin.htm"
File: overwriteflag=0, allowskipfilesflag=2, name="index.htm"
File: wrote 6859 to "C:\Program Files (x86)\pythonxy\doc\Libraries\PIL\handbook\index.htm"
File: overwriteflag=0, allowskipfilesflag=2, name="introduction.htm"
File: wrote 19180 to "C:\Program Files (x86)\pythonxy\doc\Libraries\PIL\handbook\introduction.htm"
File: overwriteflag=0, allowskipfilesflag=2, name="license.htm"
File: wrote 3896 to "C:\Program Files (x86)\pythonxy\doc\Libraries\PIL\handbook\license.htm"
File: overwriteflag=0, allowskipfilesflag=2, name="overview.htm"
File: wrote 4629 to "C:\Program Files (x86)\pythonxy\doc\Libraries\PIL\handbook\overview.htm"
File: overwriteflag=0, allowskipfilesflag=2, name="pilconvert.htm"
File: wrote 2845 to "C:\Program Files (x86)\pythonxy\doc\Libraries\PIL\handbook\pilconvert.htm"
File: overwriteflag=0, allowskipfilesflag=2, name="pildriver.htm"
File: wrote 9384 to "C:\Program Files (x86)\pythonxy\doc\Libraries\PIL\handbook\pildriver.htm"
File: overwriteflag=0, allowskipfilesflag=2, name="pilfile.htm"
File: wrote 2913 to "C:\Program Files (x86)\pythonxy\doc\Libraries\PIL\handbook\pilfile.htm"
File: overwriteflag=0, allowskipfilesflag=2, name="pilfont.htm"
File: wrote 2770 to "C:\Program Files (x86)\pythonxy\doc\Libraries\PIL\handbook\pilfont.htm"
File: overwriteflag=0, allowskipfilesflag=2, name="pilprint.htm"
File: wrote 3030 to "C:\Program Files (x86)\pythonxy\doc\Libraries\PIL\handbook\pilprint.htm"
File: overwriteflag=0, allowskipfilesflag=2, name="psdraw.htm"
File: wrote 4590 to "C:\Program Files (x86)\pythonxy\doc\Libraries\PIL\handbook\psdraw.htm"
File: overwriteflag=0, allowskipfilesflag=2, name="support.htm"
File: wrote 3983 to "C:\Program Files (x86)\pythonxy\doc\Libraries\PIL\handbook\support.htm"
CreateDirectory: "C:\Program Files (x86)\pythonxy\doc\Libraries\PIL" (1)
CreateDirectory: "C:\Python27" (1)
RMDir: "C:\Program Files (x86)\pythonxy\doc\Libraries\PIL"
RMDir: RemoveDirectory("C:\Program Files (x86)\pythonxy\doc\Libraries\PIL\")
RMDir: RemoveDirectory failed("C:\Program Files (x86)\pythonxy\doc\Libraries\PIL\")
WriteRegStr: "HKEY_LOCAL_MACHINE\Software\PIL" ""="C:\Python27\Lib\site-packages\PIL"
WriteRegStr: "HKEY_LOCAL_MACHINE\Software\PIL" "Version"="1.1.7.2"
WriteRegStr: "HKEY_LOCAL_MACHINE\Software\PIL" "ParentPath"="C:\Python27"
WriteRegStr: "HKEY_LOCAL_MACHINE\Software\PIL" "URL"="http://www.pythonware.com/products/pil/"
WriteRegStr: "HKEY_LOCAL_MACHINE\Software\Microsoft\Windows\CurrentVersion\Uninstall\Python 2.7 - PIL 1.1.7.2" "DisplayName"="Python 2.7 - PIL 1.1.7.2"
WriteRegStr: "HKEY_LOCAL_MACHINE\Software\Microsoft\Windows\CurrentVersion\Uninstall\Python 2.7 - PIL 1.1.7.2" "UninstallString"="C:\Python27\Lib\site-packages\PIL\Uninstall.exe"
WriteRegStr: "HKEY_LOCAL_MACHINE\Software\Microsoft\Windows\CurrentVersion\Uninstall\Python 2.7 - PIL 1.1.7.2" "InstallLocation"="C:\Python27\Lib\site-packages\PIL"
WriteRegStr: "HKEY_LOCAL_MACHINE\Software\Microsoft\Windows\CurrentVersion\Uninstall\Python 2.7 - PIL 1.1.7.2" "DisplayIcon"="C:\Python27\Lib\site-packages\PIL\python.ico"
WriteRegStr: "HKEY_LOCAL_MACHINE\Software\Microsoft\Windows\CurrentVersion\Uninstall\Python 2.7 - PIL 1.1.7.2" "Publisher"="pythonxy.com"
WriteRegStr: "HKEY_LOCAL_MACHINE\Software\Microsoft\Windows\CurrentVersion\Uninstall\Python 2.7 - PIL 1.1.7.2" "DisplayVersion"="1.1.7.2"
WriteRegDWORD: "HKEY_LOCAL_MACHINE\Software\Microsoft\Windows\CurrentVersion\Uninstall\Python 2.7 - PIL 1.1.7.2" "NoModify"="0x00000001"
WriteRegDWORD: "HKEY_LOCAL_MACHINE\Software\Microsoft\Windows\CurrentVersion\Uninstall\Python 2.7 - PIL 1.1.7.2" "NoRepair"="0x00000001"
WriteRegStr: "HKEY_LOCAL_MACHINE\Software\Microsoft\Windows\CurrentVersion\Uninstall\Python 2.7 - PIL 1.1.7.2" "ParentDisplayName"="Python(x,y)"
WriteRegStr: "HKEY_LOCAL_MACHINE\Software\Microsoft\Windows\CurrentVersion\Uninstall\Python 2.7 - PIL 1.1.7.2" "ParentKeyName"="Python(x,y)"
WriteRegStr: "HKEY_LOCAL_MACHINE\Software\Python(x,y)\uninstall" "PIL"="C:\Python27\Lib\site-packages\PIL"
created uninstaller: 10032, "C:\Python27\Lib\site-packages\PIL\Uninstall.exe"
IfFileExists: file "C:\Python27\Scripts\PIL_postinstall.py" does not exist, jumping 652
IfFileExists: file "C:\Python27\Scripts\PIL_win_post_install.py" does not exist, jumping 659
Delete: DeleteFile("C:\Users\Jon\AppData\Local\Temp\nsp33DB.tmp\System.dll")
RMDir: RemoveDirectory("C:\Users\Jon\AppData\Local\Temp\nsp33DB.tmp\")
